Build started 2/9/2016 9:59:47 PM.
     1>Project "C:\Users\Alejandro\Desktop\Estructura de Datos\EstructuraDeDatos-Tareas1Parcial\Scrabble\Scrabble\Scrabble.vcxproj" on node 2 (Build target(s)).
     1>ClCompile:
         C:\Program Files (x86)\Microsoft Visual Studio 14.0\VC\bin\CL.exe /c /Zi /nologo /W3 /WX- /sdl /O2 /Oi /Oy- /GL /D SFML_STATIC /D _MBCS /D _MBCS /D _CRT_SECURE_NO_WARNINGS /Gm- /EHsc /MD /GS /Gy /fp:precise /Zc:wchar_t /Zc:forScope /Zc:inline /Fo"Release\\" /Fd"Release\vc140.pdb" /Gd /TP /analyze- /errorReport:prompt Diccionario.cpp main.cpp tablero.cpp
         Diccionario.cpp
         main.cpp
         tablero.cpp
       Link:
         C:\Program Files (x86)\Microsoft Visual Studio 14.0\VC\bin\link.exe /ERRORREPORT:PROMPT /OUT:"C:\Users\Alejandro\Desktop\Estructura de Datos\EstructuraDeDatos-Tareas1Parcial\Scrabble\Release\Scrabble.exe" /NOLOGO "sfml-main.lib" "sfml-graphics-s.lib" "sfml-window-s.lib" "sfml-system-s.lib" opengl32.lib freetype.lib jpeg.lib winmm.lib gdi32.lib kernel32.lib user32.lib gdi32.lib winspool.lib comdlg32.lib advapi32.lib shell32.lib ole32.lib oleaut32.lib uuid.lib odbc32.lib odbccp32.lib /MANIFEST /MANIFESTUAC:"level='asInvoker' uiAccess='false'" /manifest:embed /Debug /PDB:"C:\Users\Alejandro\Desktop\Estructura de Datos\EstructuraDeDatos-Tareas1Parcial\Scrabble\Release\Scrabble.pdb" /OPT:REF /OPT:ICF /LTCG:incremental /TLBID:1 /DYNAMICBASE /NXCOMPAT /IMPLIB:"C:\Users\Alejandro\Desktop\Estructura de Datos\EstructuraDeDatos-Tareas1Parcial\Scrabble\Release\Scrabble.lib" /MACHINE:X86 /SAFESEH Release\Diccionario.obj
         Release\main.obj
         Release\tablero.obj
         Generating code
         148 of 149 functions (99.3%) were compiled, the rest were copied from previous compilation.
           3 functions were new in current compilation
           0 functions had inline decision re-evaluated but remain unchanged
         Finished generating code
         Scrabble.vcxproj -> C:\Users\Alejandro\Desktop\Estructura de Datos\EstructuraDeDatos-Tareas1Parcial\Scrabble\Release\Scrabble.exe
     1>Done Building Project "C:\Users\Alejandro\Desktop\Estructura de Datos\EstructuraDeDatos-Tareas1Parcial\Scrabble\Scrabble\Scrabble.vcxproj" (Build target(s)).

Build succeeded.

Time Elapsed 00:00:06.52
