Build started 2/20/2016 12:17:40 PM.
     1>Project "C:\Users\Alejandro\Desktop\Estructura de Datos\EstructuraDeDatos-Tareas1Parcial\Scrabble\Scrabble\Scrabble.vcxproj" on node 2 (Build target(s)).
     1>ClCompile:
         C:\Program Files (x86)\Microsoft Visual Studio 14.0\VC\bin\CL.exe /c /ZI /nologo /W3 /WX- /sdl /Od /Oy- /D SFML_STATIC /D _MBCS /D _MBCS /D _CRT_SECURE_NO_WARNINGS /Gm /EHsc /RTC1 /MDd /GS /fp:precise /Zc:wchar_t /Zc:forScope /Zc:inline /Fo"Debug\\" /Fd"Debug\vc140.pdb" /Gd /TP /analyze- /errorReport:prompt tablero.cpp
         tablero.cpp
     1>c:\users\alejandro\desktop\estructura de datos\estructuradedatos-tareas1parcial\scrabble\scrabble\tablero.cpp(54): warning C4244: 'argument': conversion from 'int' to 'float', possible loss of data
     1>c:\users\alejandro\desktop\estructura de datos\estructuradedatos-tareas1parcial\scrabble\scrabble\tablero.cpp(112): warning C4244: 'initializing': conversion from 'const float' to 'int', possible loss of data
     1>c:\users\alejandro\desktop\estructura de datos\estructuradedatos-tareas1parcial\scrabble\scrabble\tablero.cpp(113): warning C4244: 'initializing': conversion from 'const float' to 'int', possible loss of data
     1>c:\users\alejandro\desktop\estructura de datos\estructuradedatos-tareas1parcial\scrabble\scrabble\tablero.cpp(155): warning C4244: 'initializing': conversion from 'const float' to 'int', possible loss of data
     1>c:\users\alejandro\desktop\estructura de datos\estructuradedatos-tareas1parcial\scrabble\scrabble\tablero.cpp(156): warning C4244: 'initializing': conversion from 'const float' to 'int', possible loss of data
     1>c:\users\alejandro\desktop\estructura de datos\estructuradedatos-tareas1parcial\scrabble\scrabble\tablero.cpp(173): warning C4244: 'initializing': conversion from 'const float' to 'int', possible loss of data
     1>c:\users\alejandro\desktop\estructura de datos\estructuradedatos-tareas1parcial\scrabble\scrabble\tablero.cpp(174): warning C4244: 'initializing': conversion from 'const float' to 'int', possible loss of data
     1>c:\users\alejandro\desktop\estructura de datos\estructuradedatos-tareas1parcial\scrabble\scrabble\tablero.cpp(196): warning C4244: 'initializing': conversion from 'const float' to 'int', possible loss of data
     1>c:\users\alejandro\desktop\estructura de datos\estructuradedatos-tareas1parcial\scrabble\scrabble\tablero.cpp(197): warning C4244: 'initializing': conversion from 'const float' to 'int', possible loss of data
     1>c:\users\alejandro\desktop\estructura de datos\estructuradedatos-tareas1parcial\scrabble\scrabble\tablero.cpp(201): warning C4244: 'argument': conversion from 'int' to 'float', possible loss of data
     1>c:\users\alejandro\desktop\estructura de datos\estructuradedatos-tareas1parcial\scrabble\scrabble\tablero.cpp(284): warning C4244: 'argument': conversion from 'int' to 'float', possible loss of data
     1>c:\users\alejandro\desktop\estructura de datos\estructuradedatos-tareas1parcial\scrabble\scrabble\tablero.cpp(291): warning C4244: 'argument': conversion from 'int' to 'float', possible loss of data
       Link:
         C:\Program Files (x86)\Microsoft Visual Studio 14.0\VC\bin\link.exe /ERRORREPORT:PROMPT /OUT:"C:\Users\Alejandro\Desktop\Estructura de Datos\EstructuraDeDatos-Tareas1Parcial\Scrabble\Debug\Scrabble.exe" /INCREMENTAL /NOLOGO "sfml-main-d.lib" "sfml-graphics-s-d.lib" "sfml-window-s-d.lib" "sfml-system-s-d.lib" opengl32.lib freetype.lib jpeg.lib winmm.lib gdi32.lib kernel32.lib user32.lib gdi32.lib winspool.lib comdlg32.lib advapi32.lib shell32.lib ole32.lib oleaut32.lib uuid.lib odbc32.lib odbccp32.lib /MANIFEST /MANIFESTUAC:"level='asInvoker' uiAccess='false'" /manifest:embed /Debug /PDB:"C:\Users\Alejandro\Desktop\Estructura de Datos\EstructuraDeDatos-Tareas1Parcial\Scrabble\Debug\Scrabble.pdb" /TLBID:1 /DYNAMICBASE /NXCOMPAT /IMPLIB:"C:\Users\Alejandro\Desktop\Estructura de Datos\EstructuraDeDatos-Tareas1Parcial\Scrabble\Debug\Scrabble.lib" /MACHINE:X86 Debug\Azulejos.obj
         Debug\coladeazules.obj
         Debug\Diccionario.obj
         Debug\main.obj
         Debug\tablero.obj
         Scrabble.vcxproj -> C:\Users\Alejandro\Desktop\Estructura de Datos\EstructuraDeDatos-Tareas1Parcial\Scrabble\Debug\Scrabble.exe
     1>Done Building Project "C:\Users\Alejandro\Desktop\Estructura de Datos\EstructuraDeDatos-Tareas1Parcial\Scrabble\Scrabble\Scrabble.vcxproj" (Build target(s)).

Build succeeded.

Time Elapsed 00:00:01.25
